{"/Users/fela/loadstone/src/index.ts": {"path":"/Users/fela/loadstone/src/index.ts","statementMap":{"0":{"start":{"line":1,"column":0},"end":{"line":1,"column":7}},"1":{"start":{"line":6,"column":2},"end":{"line":1,"column":38}},"2":{"start":{"line":2,"column":0},"end":{"line":2,"column":46}},"3":{"start":{"line":8,"column":0},"end":{"line":8,"column":26}}},"fnMap":{},"branchMap":{},"s":{"0":1,"1":1,"2":1,"3":1},"f":{},"b":{}}
,"/Users/fela/loadstone/src/classes/Benchmarker.ts": {"path":"/Users/fela/loadstone/src/classes/Benchmarker.ts","statementMap":{"0":{"start":{"line":1,"column":0},"end":{"line":1,"column":39}},"1":{"start":{"line":18,"column":4},"end":{"line":18,"column":25}},"2":{"start":{"line":19,"column":4},"end":{"line":19,"column":20}},"3":{"start":{"line":20,"column":4},"end":{"line":20,"column":25}},"4":{"start":{"line":24,"column":23},"end":{"line":24,"column":33}},"5":{"start":{"line":25,"column":16},"end":{"line":25,"column":21}},"6":{"start":{"line":26,"column":24},"end":{"line":26,"column":26}},"7":{"start":{"line":27,"column":17},"end":{"line":27,"column":21}},"8":{"start":{"line":28,"column":4},"end":{"line":33,"column":null}},"9":{"start":{"line":29,"column":6},"end":{"line":29,"column":29}},"10":{"start":{"line":31,"column":6},"end":{"line":31,"column":19}},"11":{"start":{"line":32,"column":6},"end":{"line":32,"column":32}},"12":{"start":{"line":34,"column":21},"end":{"line":34,"column":31}},"13":{"start":{"line":36,"column":4},"end":{"line":43,"column":7}},"14":{"start":{"line":45,"column":4},"end":{"line":47,"column":null}},"15":{"start":{"line":46,"column":6},"end":{"line":46,"column":42}},"16":{"start":{"line":49,"column":4},"end":{"line":49,"column":18}},"17":{"start":{"line":53,"column":22},"end":{"line":53,"column":61}},"18":{"start":{"line":54,"column":4},"end":{"line":54,"column":24}},"19":{"start":{"line":55,"column":4},"end":{"line":68,"column":27}},"20":{"start":{"line":56,"column":6},"end":{"line":56,"column":29}},"21":{"start":{"line":57,"column":6},"end":{"line":67,"column":null}},"22":{"start":{"line":58,"column":21},"end":{"line":58,"column":23}},"23":{"start":{"line":59,"column":8},"end":{"line":61,"column":null}},"24":{"start":{"line":60,"column":10},"end":{"line":60,"column":38}},"25":{"start":{"line":62,"column":8},"end":{"line":64,"column":null}},"26":{"start":{"line":63,"column":10},"end":{"line":63,"column":57}},"27":{"start":{"line":66,"column":8},"end":{"line":66,"column":54}},"28":{"start":{"line":72,"column":4},"end":{"line":72,"column":25}},"29":{"start":{"line":77,"column":0},"end":{"line":77,"column":27}}},"fnMap":{"0":{"name":"(anonymous_7)","decl":{"start":{"line":17,"column":2},"end":{"line":17,"column":14}},"loc":{"start":{"line":17,"column":28},"end":{"line":21,"column":3}}},"1":{"name":"(anonymous_8)","decl":{"start":{"line":23,"column":8},"end":{"line":23,"column":17}},"loc":{"start":{"line":23,"column":47},"end":{"line":50,"column":null}}},"2":{"name":"(anonymous_10)","decl":{"start":{"line":52,"column":8},"end":{"line":52,"column":13}},"loc":{"start":{"line":52,"column":82},"end":{"line":69,"column":null}}},"3":{"name":"(anonymous_12)","decl":{"start":{"line":71,"column":8},"end":{"line":71,"column":12}},"loc":{"start":{"line":71,"column":12},"end":{"line":73,"column":null}}}},"branchMap":{"0":{"loc":{"start":{"line":45,"column":4},"end":{"line":47,"column":null}},"type":"if","locations":[{"start":{"line":45,"column":4},"end":{"line":47,"column":null}}]},"1":{"loc":{"start":{"line":53,"column":31},"end":{"line":53,"column":54}},"type":"binary-expr","locations":[{"start":{"line":53,"column":31},"end":{"line":53,"column":46}},{"start":{"line":53,"column":50},"end":{"line":53,"column":54}}]},"2":{"loc":{"start":{"line":62,"column":8},"end":{"line":64,"column":null}},"type":"if","locations":[{"start":{"line":62,"column":8},"end":{"line":64,"column":null}}]}},"s":{"0":1,"1":2,"2":2,"3":2,"4":80,"5":80,"6":80,"7":80,"8":80,"9":80,"10":0,"11":0,"12":80,"13":80,"14":80,"15":0,"16":80,"17":2,"18":2,"19":2,"20":26,"21":26,"22":26,"23":26,"24":80,"25":26,"26":8,"27":0,"28":2,"29":1},"f":{"0":2,"1":80,"2":2,"3":2},"b":{"0":[0],"1":[2,0],"2":[8]}}
,"/Users/fela/loadstone/src/classes/Client.ts": {"path":"/Users/fela/loadstone/src/classes/Client.ts","statementMap":{"0":{"start":{"line":1,"column":0},"end":{"line":1,"column":50}},"1":{"start":{"line":9,"column":4},"end":{"line":9,"column":35}},"2":{"start":{"line":13,"column":4},"end":{"line":16,"column":null}},"3":{"start":{"line":15,"column":17},"end":{"line":15,"column":null}},"4":{"start":{"line":15,"column":18},"end":{"line":15,"column":null}},"5":{"start":{"line":20,"column":4},"end":{"line":23,"column":null}},"6":{"start":{"line":22,"column":17},"end":{"line":22,"column":null}},"7":{"start":{"line":22,"column":18},"end":{"line":22,"column":null}},"8":{"start":{"line":27,"column":4},"end":{"line":30,"column":null}},"9":{"start":{"line":29,"column":17},"end":{"line":29,"column":null}},"10":{"start":{"line":29,"column":18},"end":{"line":29,"column":null}},"11":{"start":{"line":34,"column":4},"end":{"line":37,"column":null}},"12":{"start":{"line":36,"column":17},"end":{"line":36,"column":null}},"13":{"start":{"line":36,"column":18},"end":{"line":36,"column":null}},"14":{"start":{"line":41,"column":4},"end":{"line":44,"column":null}},"15":{"start":{"line":43,"column":17},"end":{"line":43,"column":null}},"16":{"start":{"line":43,"column":18},"end":{"line":43,"column":null}},"17":{"start":{"line":48,"column":4},"end":{"line":51,"column":null}},"18":{"start":{"line":50,"column":17},"end":{"line":50,"column":null}},"19":{"start":{"line":50,"column":18},"end":{"line":50,"column":null}},"20":{"start":{"line":55,"column":4},"end":{"line":58,"column":null}},"21":{"start":{"line":57,"column":17},"end":{"line":57,"column":null}},"22":{"start":{"line":57,"column":18},"end":{"line":57,"column":null}},"23":{"start":{"line":62,"column":0},"end":{"line":62,"column":22}}},"fnMap":{"0":{"name":"(anonymous_7)","decl":{"start":{"line":8,"column":2},"end":{"line":8,"column":14}},"loc":{"start":{"line":8,"column":38},"end":{"line":10,"column":3}}},"1":{"name":"(anonymous_8)","decl":{"start":{"line":12,"column":8},"end":{"line":12,"column":11}},"loc":{"start":{"line":12,"column":66},"end":{"line":17,"column":null}}},"2":{"name":"(anonymous_10)","decl":{"start":{"line":15,"column":6},"end":{"line":15,"column":15}},"loc":{"start":{"line":15,"column":17},"end":{"line":15,"column":null}}},"3":{"name":"(anonymous_11)","decl":{"start":{"line":15,"column":17},"end":{"line":15,"column":18}},"loc":{"start":{"line":15,"column":17},"end":{"line":15,"column":null}}},"4":{"name":"(anonymous_12)","decl":{"start":{"line":19,"column":8},"end":{"line":19,"column":14}},"loc":{"start":{"line":19,"column":69},"end":{"line":24,"column":null}}},"5":{"name":"(anonymous_14)","decl":{"start":{"line":22,"column":6},"end":{"line":22,"column":15}},"loc":{"start":{"line":22,"column":17},"end":{"line":22,"column":null}}},"6":{"name":"(anonymous_15)","decl":{"start":{"line":22,"column":17},"end":{"line":22,"column":18}},"loc":{"start":{"line":22,"column":17},"end":{"line":22,"column":null}}},"7":{"name":"(anonymous_16)","decl":{"start":{"line":26,"column":8},"end":{"line":26,"column":12}},"loc":{"start":{"line":26,"column":67},"end":{"line":31,"column":null}}},"8":{"name":"(anonymous_18)","decl":{"start":{"line":29,"column":6},"end":{"line":29,"column":15}},"loc":{"start":{"line":29,"column":17},"end":{"line":29,"column":null}}},"9":{"name":"(anonymous_19)","decl":{"start":{"line":29,"column":17},"end":{"line":29,"column":18}},"loc":{"start":{"line":29,"column":17},"end":{"line":29,"column":null}}},"10":{"name":"(anonymous_20)","decl":{"start":{"line":33,"column":8},"end":{"line":33,"column":15}},"loc":{"start":{"line":33,"column":70},"end":{"line":38,"column":null}}},"11":{"name":"(anonymous_22)","decl":{"start":{"line":36,"column":6},"end":{"line":36,"column":15}},"loc":{"start":{"line":36,"column":17},"end":{"line":36,"column":null}}},"12":{"name":"(anonymous_23)","decl":{"start":{"line":36,"column":17},"end":{"line":36,"column":18}},"loc":{"start":{"line":36,"column":17},"end":{"line":36,"column":null}}},"13":{"name":"(anonymous_24)","decl":{"start":{"line":40,"column":8},"end":{"line":40,"column":12}},"loc":{"start":{"line":40,"column":78},"end":{"line":45,"column":null}}},"14":{"name":"(anonymous_26)","decl":{"start":{"line":43,"column":6},"end":{"line":43,"column":15}},"loc":{"start":{"line":43,"column":17},"end":{"line":43,"column":null}}},"15":{"name":"(anonymous_27)","decl":{"start":{"line":43,"column":17},"end":{"line":43,"column":18}},"loc":{"start":{"line":43,"column":17},"end":{"line":43,"column":null}}},"16":{"name":"(anonymous_28)","decl":{"start":{"line":47,"column":8},"end":{"line":47,"column":11}},"loc":{"start":{"line":47,"column":77},"end":{"line":52,"column":null}}},"17":{"name":"(anonymous_30)","decl":{"start":{"line":50,"column":6},"end":{"line":50,"column":15}},"loc":{"start":{"line":50,"column":17},"end":{"line":50,"column":null}}},"18":{"name":"(anonymous_31)","decl":{"start":{"line":50,"column":17},"end":{"line":50,"column":18}},"loc":{"start":{"line":50,"column":17},"end":{"line":50,"column":null}}},"19":{"name":"(anonymous_32)","decl":{"start":{"line":54,"column":8},"end":{"line":54,"column":13}},"loc":{"start":{"line":54,"column":79},"end":{"line":59,"column":null}}},"20":{"name":"(anonymous_34)","decl":{"start":{"line":57,"column":6},"end":{"line":57,"column":15}},"loc":{"start":{"line":57,"column":17},"end":{"line":57,"column":null}}},"21":{"name":"(anonymous_35)","decl":{"start":{"line":57,"column":17},"end":{"line":57,"column":18}},"loc":{"start":{"line":57,"column":17},"end":{"line":57,"column":null}}}},"branchMap":{},"s":{"0":1,"1":1,"2":60,"3":60,"4":60,"5":0,"6":0,"7":0,"8":0,"9":0,"10":0,"11":0,"12":0,"13":0,"14":0,"15":0,"16":0,"17":0,"18":0,"19":0,"20":0,"21":0,"22":0,"23":1},"f":{"0":1,"1":60,"2":60,"3":60,"4":0,"5":0,"6":0,"7":0,"8":0,"9":0,"10":0,"11":0,"12":0,"13":0,"14":0,"15":0,"16":0,"17":0,"18":0,"19":0,"20":0,"21":0},"b":{}}
,"/Users/fela/loadstone/src/classes/TestRunner.ts": {"path":"/Users/fela/loadstone/src/classes/TestRunner.ts","statementMap":{"0":{"start":{"line":1,"column":0},"end":{"line":1,"column":55}},"1":{"start":{"line":3,"column":0},"end":{"line":3,"column":30}},"2":{"start":{"line":4,"column":0},"end":{"line":4,"column":53}},"3":{"start":{"line":7,"column":20},"end":{"line":7,"column":47}},"4":{"start":{"line":44,"column":4},"end":{"line":46,"column":null}},"5":{"start":{"line":45,"column":6},"end":{"line":45,"column":59}},"6":{"start":{"line":47,"column":4},"end":{"line":49,"column":null}},"7":{"start":{"line":48,"column":6},"end":{"line":48,"column":52}},"8":{"start":{"line":50,"column":4},"end":{"line":52,"column":null}},"9":{"start":{"line":51,"column":6},"end":{"line":51,"column":57}},"10":{"start":{"line":53,"column":4},"end":{"line":53,"column":39}},"11":{"start":{"line":54,"column":4},"end":{"line":54,"column":35}},"12":{"start":{"line":55,"column":4},"end":{"line":55,"column":21}},"13":{"start":{"line":56,"column":4},"end":{"line":56,"column":31}},"14":{"start":{"line":58,"column":4},"end":{"line":61,"column":null}},"15":{"start":{"line":59,"column":6},"end":{"line":59,"column":80}},"16":{"start":{"line":60,"column":6},"end":{"line":60,"column":101}},"17":{"start":{"line":63,"column":4},"end":{"line":66,"column":null}},"18":{"start":{"line":64,"column":6},"end":{"line":64,"column":74}},"19":{"start":{"line":65,"column":6},"end":{"line":65,"column":95}},"20":{"start":{"line":68,"column":4},"end":{"line":68,"column":57}},"21":{"start":{"line":69,"column":4},"end":{"line":69,"column":60}},"22":{"start":{"line":70,"column":4},"end":{"line":70,"column":55}},"23":{"start":{"line":74,"column":37},"end":{"line":74,"column":39}},"24":{"start":{"line":75,"column":4},"end":{"line":77,"column":null}},"25":{"start":{"line":76,"column":6},"end":{"line":76,"column":130}},"26":{"start":{"line":78,"column":4},"end":{"line":80,"column":null}},"27":{"start":{"line":79,"column":6},"end":{"line":79,"column":121}},"28":{"start":{"line":82,"column":23},"end":{"line":82,"column":33}},"29":{"start":{"line":83,"column":21},"end":{"line":90,"column":5}},"30":{"start":{"line":84,"column":19},"end":{"line":84,"column":29}},"31":{"start":{"line":85,"column":6},"end":{"line":88,"column":null}},"32":{"start":{"line":86,"column":26},"end":{"line":86,"column":133}},"33":{"start":{"line":86,"column":104},"end":{"line":86,"column":133}},"34":{"start":{"line":86,"column":105},"end":{"line":86,"column":133}},"35":{"start":{"line":87,"column":8},"end":{"line":87,"column":25}},"36":{"start":{"line":89,"column":6},"end":{"line":89,"column":18}},"37":{"start":{"line":91,"column":17},"end":{"line":91,"column":108}},"38":{"start":{"line":93,"column":4},"end":{"line":93,"column":23}},"39":{"start":{"line":96,"column":4},"end":{"line":98,"column":null}},"40":{"start":{"line":97,"column":6},"end":{"line":97,"column":44}},"41":{"start":{"line":99,"column":4},"end":{"line":101,"column":null}},"42":{"start":{"line":100,"column":6},"end":{"line":100,"column":41}},"43":{"start":{"line":103,"column":4},"end":{"line":103,"column":32}},"44":{"start":{"line":107,"column":0},"end":{"line":107,"column":26}}},"fnMap":{"0":{"name":"(anonymous_7)","decl":{"start":{"line":38,"column":2},"end":{"line":38,"column":14}},"loc":{"start":{"line":43,"column":11},"end":{"line":71,"column":3}}},"1":{"name":"(anonymous_8)","decl":{"start":{"line":73,"column":8},"end":{"line":73,"column":13}},"loc":{"start":{"line":73,"column":13},"end":{"line":104,"column":null}}},"2":{"name":"(anonymous_10)","decl":{"start":{"line":83,"column":21},"end":{"line":83,"column":24}},"loc":{"start":{"line":83,"column":26},"end":{"line":90,"column":5}}},"3":{"name":"(anonymous_11)","decl":{"start":{"line":86,"column":93},"end":{"line":86,"column":102}},"loc":{"start":{"line":86,"column":104},"end":{"line":86,"column":133}}},"4":{"name":"(anonymous_12)","decl":{"start":{"line":86,"column":104},"end":{"line":86,"column":105}},"loc":{"start":{"line":86,"column":104},"end":{"line":86,"column":133}}}},"branchMap":{"0":{"loc":{"start":{"line":44,"column":4},"end":{"line":46,"column":null}},"type":"if","locations":[{"start":{"line":44,"column":4},"end":{"line":46,"column":null}}]},"1":{"loc":{"start":{"line":44,"column":8},"end":{"line":44,"column":74}},"type":"binary-expr","locations":[{"start":{"line":44,"column":8},"end":{"line":44,"column":20}},{"start":{"line":44,"column":24},"end":{"line":44,"column":39}},{"start":{"line":44,"column":43},"end":{"line":44,"column":74}}]},"2":{"loc":{"start":{"line":47,"column":4},"end":{"line":49,"column":null}},"type":"if","locations":[{"start":{"line":47,"column":4},"end":{"line":49,"column":null}}]},"3":{"loc":{"start":{"line":47,"column":8},"end":{"line":47,"column":53}},"type":"binary-expr","locations":[{"start":{"line":47,"column":8},"end":{"line":47,"column":13}},{"start":{"line":47,"column":17},"end":{"line":47,"column":25}},{"start":{"line":47,"column":29},"end":{"line":47,"column":53}}]},"4":{"loc":{"start":{"line":50,"column":4},"end":{"line":52,"column":null}},"type":"if","locations":[{"start":{"line":50,"column":4},"end":{"line":52,"column":null}}]},"5":{"loc":{"start":{"line":58,"column":4},"end":{"line":61,"column":null}},"type":"if","locations":[{"start":{"line":58,"column":4},"end":{"line":61,"column":null}}]},"6":{"loc":{"start":{"line":58,"column":15},"end":{"line":58,"column":50}},"type":"cond-expr","locations":[{"start":{"line":58,"column":34},"end":{"line":58,"column":36}},{"start":{"line":58,"column":34},"end":{"line":58,"column":50}}]},"7":{"loc":{"start":{"line":58,"column":15},"end":{"line":58,"column":36}},"type":"binary-expr","locations":[{"start":{"line":58,"column":15},"end":{"line":58,"column":36}},{"start":{"line":58,"column":34},"end":{"line":58,"column":36}}]},"8":{"loc":{"start":{"line":58,"column":15},"end":{"line":58,"column":34}},"type":"cond-expr","locations":[{"start":{"line":58,"column":25},"end":{"line":58,"column":27}},{"start":{"line":58,"column":15},"end":{"line":58,"column":34}}]},"9":{"loc":{"start":{"line":58,"column":15},"end":{"line":58,"column":27}},"type":"binary-expr","locations":[{"start":{"line":58,"column":15},"end":{"line":58,"column":27}},{"start":{"line":58,"column":15},"end":{"line":58,"column":27}}]},"10":{"loc":{"start":{"line":60,"column":55},"end":{"line":60,"column":93}},"type":"binary-expr","locations":[{"start":{"line":60,"column":55},"end":{"line":60,"column":88}},{"start":{"line":60,"column":92},"end":{"line":60,"column":93}}]},"11":{"loc":{"start":{"line":63,"column":4},"end":{"line":66,"column":null}},"type":"if","locations":[{"start":{"line":63,"column":4},"end":{"line":66,"column":null}}]},"12":{"loc":{"start":{"line":63,"column":15},"end":{"line":63,"column":47}},"type":"cond-expr","locations":[{"start":{"line":63,"column":31},"end":{"line":63,"column":33}},{"start":{"line":63,"column":31},"end":{"line":63,"column":47}}]},"13":{"loc":{"start":{"line":63,"column":15},"end":{"line":63,"column":33}},"type":"binary-expr","locations":[{"start":{"line":63,"column":15},"end":{"line":63,"column":33}},{"start":{"line":63,"column":31},"end":{"line":63,"column":33}}]},"14":{"loc":{"start":{"line":63,"column":15},"end":{"line":63,"column":31}},"type":"cond-expr","locations":[{"start":{"line":63,"column":25},"end":{"line":63,"column":27}},{"start":{"line":63,"column":15},"end":{"line":63,"column":31}}]},"15":{"loc":{"start":{"line":63,"column":15},"end":{"line":63,"column":27}},"type":"binary-expr","locations":[{"start":{"line":63,"column":15},"end":{"line":63,"column":27}},{"start":{"line":63,"column":15},"end":{"line":63,"column":27}}]},"16":{"loc":{"start":{"line":65,"column":52},"end":{"line":65,"column":87}},"type":"binary-expr","locations":[{"start":{"line":65,"column":52},"end":{"line":65,"column":82}},{"start":{"line":65,"column":86},"end":{"line":65,"column":87}}]},"17":{"loc":{"start":{"line":75,"column":4},"end":{"line":77,"column":null}},"type":"if","locations":[{"start":{"line":75,"column":4},"end":{"line":77,"column":null}}]},"18":{"loc":{"start":{"line":78,"column":4},"end":{"line":80,"column":null}},"type":"if","locations":[{"start":{"line":78,"column":4},"end":{"line":80,"column":null}}]},"19":{"loc":{"start":{"line":85,"column":6},"end":{"line":88,"column":null}},"type":"if","locations":[{"start":{"line":85,"column":6},"end":{"line":88,"column":null}}]},"20":{"loc":{"start":{"line":96,"column":4},"end":{"line":98,"column":null}},"type":"if","locations":[{"start":{"line":96,"column":4},"end":{"line":98,"column":null}}]},"21":{"loc":{"start":{"line":99,"column":4},"end":{"line":101,"column":null}},"type":"if","locations":[{"start":{"line":99,"column":4},"end":{"line":101,"column":null}}]}},"s":{"0":1,"1":1,"2":1,"3":1,"4":1,"5":0,"6":1,"7":0,"8":1,"9":0,"10":1,"11":1,"12":1,"13":1,"14":1,"15":1,"16":1,"17":1,"18":1,"19":1,"20":1,"21":1,"22":1,"23":1,"24":1,"25":1,"26":1,"27":1,"28":1,"29":1,"30":21,"31":21,"32":20,"33":20,"34":20,"35":20,"36":1,"37":1,"38":1,"39":1,"40":1,"41":1,"42":1,"43":1,"44":1},"f":{"0":1,"1":1,"2":21,"3":20,"4":20},"b":{"0":[0],"1":[1,1,1],"2":[0],"3":[1,1,1],"4":[0],"5":[1],"6":[0,1],"7":[1,1],"8":[0,1],"9":[1,1],"10":[1,0],"11":[1],"12":[0,1],"13":[1,1],"14":[0,1],"15":[1,1],"16":[1,0],"17":[1],"18":[1],"19":[20],"20":[1],"21":[1]}}
,"/Users/fela/loadstone/src/utils/sleep.ts": {"path":"/Users/fela/loadstone/src/utils/sleep.ts","statementMap":{"0":{"start":{"line":2,"column":2},"end":{"line":2,"column":69}},"1":{"start":{"line":2,"column":34},"end":{"line":2,"column":67}},"2":{"start":{"line":1,"column":0},"end":{"line":1,"column":16}}},"fnMap":{"0":{"name":"sleep","decl":{"start":{"line":1,"column":16},"end":{"line":1,"column":21}},"loc":{"start":{"line":1,"column":42},"end":{"line":3,"column":1}}},"1":{"name":"(anonymous_1)","decl":{"start":{"line":2,"column":21},"end":{"line":2,"column":22}},"loc":{"start":{"line":2,"column":34},"end":{"line":2,"column":67}}}},"branchMap":{},"s":{"0":86,"1":86,"2":1},"f":{"0":86,"1":86},"b":{}}
,"/Users/fela/loadstone/src/utils/string.ts": {"path":"/Users/fela/loadstone/src/utils/string.ts","statementMap":{"0":{"start":{"line":1,"column":22},"end":{"line":1,"column":86}},"1":{"start":{"line":4,"column":17},"end":{"line":4,"column":19}},"2":{"start":{"line":5,"column":2},"end":{"line":7,"column":null}},"3":{"start":{"line":5,"column":15},"end":{"line":5,"column":16}},"4":{"start":{"line":6,"column":4},"end":{"line":6,"column":88}},"5":{"start":{"line":8,"column":2},"end":{"line":8,"column":25}},"6":{"start":{"line":12,"column":2},"end":{"line":12,"column":36}},"7":{"start":{"line":11,"column":0},"end":{"line":11,"column":16}}},"fnMap":{"0":{"name":"generate_random_string","decl":{"start":{"line":3,"column":9},"end":{"line":3,"column":31}},"loc":{"start":{"line":3,"column":46},"end":{"line":9,"column":1}}},"1":{"name":"generate_random_id","decl":{"start":{"line":11,"column":16},"end":{"line":11,"column":34}},"loc":{"start":{"line":11,"column":34},"end":{"line":13,"column":1}}}},"branchMap":{},"s":{"0":1,"1":21,"2":21,"3":21,"4":420,"5":21,"6":21,"7":1},"f":{"0":21,"1":21},"b":{}}
}
