TN:
SF:src/index.ts
FNF:0
FNH:0
DA:1,1
DA:2,1
DA:6,1
DA:8,1
LF:4
LH:4
BRF:0
BRH:0
end_of_record
TN:
SF:src/classes/Benchmarker.ts
FN:17,(anonymous_7)
FN:23,(anonymous_8)
FN:52,(anonymous_10)
FN:71,(anonymous_12)
FNF:4
FNH:4
FNDA:2,(anonymous_7)
FNDA:80,(anonymous_8)
FNDA:2,(anonymous_10)
FNDA:2,(anonymous_12)
DA:1,1
DA:18,2
DA:19,2
DA:20,2
DA:24,80
DA:25,80
DA:26,80
DA:27,80
DA:28,80
DA:29,80
DA:31,0
DA:32,0
DA:34,80
DA:36,80
DA:45,80
DA:46,0
DA:49,80
DA:53,2
DA:54,2
DA:55,2
DA:56,26
DA:57,26
DA:58,26
DA:59,26
DA:60,80
DA:62,26
DA:63,8
DA:66,0
DA:72,2
DA:77,1
LF:30
LH:26
BRDA:45,0,0,0
BRDA:53,1,0,2
BRDA:53,1,1,0
BRDA:62,2,0,8
BRF:4
BRH:2
end_of_record
TN:
SF:src/classes/Client.ts
FN:8,(anonymous_7)
FN:12,(anonymous_8)
FN:15,(anonymous_10)
FN:15,(anonymous_11)
FN:19,(anonymous_12)
FN:22,(anonymous_14)
FN:22,(anonymous_15)
FN:26,(anonymous_16)
FN:29,(anonymous_18)
FN:29,(anonymous_19)
FN:33,(anonymous_20)
FN:36,(anonymous_22)
FN:36,(anonymous_23)
FN:40,(anonymous_24)
FN:43,(anonymous_26)
FN:43,(anonymous_27)
FN:47,(anonymous_28)
FN:50,(anonymous_30)
FN:50,(anonymous_31)
FN:54,(anonymous_32)
FN:57,(anonymous_34)
FN:57,(anonymous_35)
FNF:22
FNH:4
FNDA:1,(anonymous_7)
FNDA:60,(anonymous_8)
FNDA:60,(anonymous_10)
FNDA:60,(anonymous_11)
FNDA:0,(anonymous_12)
FNDA:0,(anonymous_14)
FNDA:0,(anonymous_15)
FNDA:0,(anonymous_16)
FNDA:0,(anonymous_18)
FNDA:0,(anonymous_19)
FNDA:0,(anonymous_20)
FNDA:0,(anonymous_22)
FNDA:0,(anonymous_23)
FNDA:0,(anonymous_24)
FNDA:0,(anonymous_26)
FNDA:0,(anonymous_27)
FNDA:0,(anonymous_28)
FNDA:0,(anonymous_30)
FNDA:0,(anonymous_31)
FNDA:0,(anonymous_32)
FNDA:0,(anonymous_34)
FNDA:0,(anonymous_35)
DA:1,1
DA:9,1
DA:13,60
DA:15,60
DA:20,0
DA:22,0
DA:27,0
DA:29,0
DA:34,0
DA:36,0
DA:41,0
DA:43,0
DA:48,0
DA:50,0
DA:55,0
DA:57,0
DA:62,1
LF:17
LH:5
BRF:0
BRH:0
end_of_record
TN:
SF:src/classes/TestRunner.ts
FN:38,(anonymous_7)
FN:73,(anonymous_8)
FN:83,(anonymous_10)
FN:86,(anonymous_11)
FN:86,(anonymous_12)
FNF:5
FNH:5
FNDA:1,(anonymous_7)
FNDA:1,(anonymous_8)
FNDA:21,(anonymous_10)
FNDA:20,(anonymous_11)
FNDA:20,(anonymous_12)
DA:1,1
DA:3,1
DA:4,1
DA:7,1
DA:44,1
DA:45,0
DA:47,1
DA:48,0
DA:50,1
DA:51,0
DA:53,1
DA:54,1
DA:55,1
DA:56,1
DA:58,1
DA:59,1
DA:60,1
DA:63,1
DA:64,1
DA:65,1
DA:68,1
DA:69,1
DA:70,1
DA:74,1
DA:75,1
DA:76,1
DA:78,1
DA:79,1
DA:82,1
DA:83,1
DA:84,21
DA:85,21
DA:86,20
DA:87,20
DA:89,1
DA:91,1
DA:93,1
DA:96,1
DA:97,1
DA:99,1
DA:100,1
DA:103,1
DA:107,1
LF:43
LH:40
BRDA:44,0,0,0
BRDA:44,1,0,1
BRDA:44,1,1,1
BRDA:44,1,2,1
BRDA:47,2,0,0
BRDA:47,3,0,1
BRDA:47,3,1,1
BRDA:47,3,2,1
BRDA:50,4,0,0
BRDA:58,5,0,1
BRDA:58,6,0,0
BRDA:58,6,1,1
BRDA:58,7,0,1
BRDA:58,7,1,1
BRDA:58,8,0,0
BRDA:58,8,1,1
BRDA:58,9,0,1
BRDA:58,9,1,1
BRDA:60,10,0,1
BRDA:60,10,1,0
BRDA:63,11,0,1
BRDA:63,12,0,0
BRDA:63,12,1,1
BRDA:63,13,0,1
BRDA:63,13,1,1
BRDA:63,14,0,0
BRDA:63,14,1,1
BRDA:63,15,0,1
BRDA:63,15,1,1
BRDA:65,16,0,1
BRDA:65,16,1,0
BRDA:75,17,0,1
BRDA:78,18,0,1
BRDA:85,19,0,20
BRDA:96,20,0,1
BRDA:99,21,0,1
BRF:36
BRH:27
end_of_record
TN:
SF:src/utils/sleep.ts
FN:1,sleep
FN:2,(anonymous_1)
FNF:2
FNH:2
FNDA:86,sleep
FNDA:86,(anonymous_1)
DA:1,1
DA:2,86
LF:2
LH:2
BRF:0
BRH:0
end_of_record
TN:
SF:src/utils/string.ts
FN:3,generate_random_string
FN:11,generate_random_id
FNF:2
FNH:2
FNDA:21,generate_random_string
FNDA:21,generate_random_id
DA:1,1
DA:4,21
DA:5,21
DA:6,420
DA:8,21
DA:11,1
DA:12,21
LF:7
LH:7
BRF:0
BRH:0
end_of_record
