TN:
SF:src/index.ts
FNF:0
FNH:0
DA:1,1
DA:2,1
DA:6,1
DA:8,1
LF:4
LH:4
BRF:0
BRH:0
end_of_record
TN:
SF:src/classes/Benchmarker.ts
FN:15,(anonymous_7)
FN:21,(anonymous_8)
FN:36,(anonymous_10)
FN:55,(anonymous_12)
FNF:4
FNH:4
FNDA:1,(anonymous_7)
FNDA:60,(anonymous_8)
FNDA:1,(anonymous_10)
FNDA:1,(anonymous_12)
DA:1,1
DA:16,1
DA:17,1
DA:18,1
DA:22,60
DA:23,60
DA:24,60
DA:26,60
DA:33,60
DA:37,1
DA:38,1
DA:39,1
DA:40,13
DA:41,13
DA:42,13
DA:43,13
DA:44,60
DA:46,13
DA:47,6
DA:50,0
DA:56,1
DA:61,1
LF:22
LH:21
BRDA:37,0,0,1
BRDA:37,0,1,0
BRDA:46,1,0,6
BRF:3
BRH:2
end_of_record
TN:
SF:src/classes/Client.ts
FN:8,(anonymous_7)
FN:12,(anonymous_8)
FN:15,(anonymous_10)
FN:15,(anonymous_11)
FN:19,(anonymous_12)
FN:22,(anonymous_14)
FN:22,(anonymous_15)
FN:26,(anonymous_16)
FN:29,(anonymous_18)
FN:29,(anonymous_19)
FN:33,(anonymous_20)
FN:36,(anonymous_22)
FN:36,(anonymous_23)
FN:40,(anonymous_24)
FN:43,(anonymous_26)
FN:43,(anonymous_27)
FN:47,(anonymous_28)
FN:50,(anonymous_30)
FN:50,(anonymous_31)
FN:54,(anonymous_32)
FN:57,(anonymous_34)
FN:57,(anonymous_35)
FNF:22
FNH:4
FNDA:1,(anonymous_7)
FNDA:60,(anonymous_8)
FNDA:60,(anonymous_10)
FNDA:60,(anonymous_11)
FNDA:0,(anonymous_12)
FNDA:0,(anonymous_14)
FNDA:0,(anonymous_15)
FNDA:0,(anonymous_16)
FNDA:0,(anonymous_18)
FNDA:0,(anonymous_19)
FNDA:0,(anonymous_20)
FNDA:0,(anonymous_22)
FNDA:0,(anonymous_23)
FNDA:0,(anonymous_24)
FNDA:0,(anonymous_26)
FNDA:0,(anonymous_27)
FNDA:0,(anonymous_28)
FNDA:0,(anonymous_30)
FNDA:0,(anonymous_31)
FNDA:0,(anonymous_32)
FNDA:0,(anonymous_34)
FNDA:0,(anonymous_35)
DA:1,1
DA:9,1
DA:13,60
DA:15,60
DA:20,0
DA:22,0
DA:27,0
DA:29,0
DA:34,0
DA:36,0
DA:41,0
DA:43,0
DA:48,0
DA:50,0
DA:55,0
DA:57,0
DA:62,1
LF:17
LH:5
BRF:0
BRH:0
end_of_record
TN:
SF:src/classes/TestRunner.ts
FN:19,(anonymous_7)
FN:36,(anonymous_8)
FN:42,(anonymous_10)
FNF:3
FNH:3
FNDA:1,(anonymous_7)
FNDA:1,(anonymous_8)
FNDA:61,(anonymous_10)
DA:1,1
DA:3,1
DA:4,1
DA:5,1
DA:7,1
DA:26,1
DA:27,1
DA:28,1
DA:29,1
DA:30,1
DA:31,1
DA:32,1
DA:33,1
DA:37,1
DA:38,1
DA:41,1
DA:42,1
DA:43,61
DA:44,60
DA:45,60
DA:47,1
DA:49,1
DA:51,1
DA:52,1
DA:53,1
DA:55,1
DA:57,1
DA:59,1
DA:63,1
LF:29
LH:29
BRDA:20,0,0,0
BRDA:21,1,0,0
BRDA:24,2,0,0
BRDA:43,3,0,60
BRDA:57,4,0,1
BRDA:57,4,1,0
BRF:6
BRH:2
end_of_record
TN:
SF:src/utils/sleep.ts
FN:1,sleep
FN:2,(anonymous_1)
FNF:2
FNH:2
FNDA:74,sleep
FNDA:74,(anonymous_1)
DA:1,1
DA:2,74
LF:2
LH:2
BRF:0
BRH:0
end_of_record
TN:
SF:src/utils/string.ts
FN:3,generate_random_string
FN:11,generate_random_id
FNF:2
FNH:2
FNDA:1,generate_random_string
FNDA:1,generate_random_id
DA:1,1
DA:4,1
DA:5,1
DA:6,20
DA:8,1
DA:11,1
DA:12,1
LF:7
LH:7
BRF:0
BRH:0
end_of_record
